<?xml version="1.0" encoding="UTF-8"?>
<testng-results skipped="0" failed="0" ignored="0" total="1" passed="1">
  <reporter-output>
  </reporter-output>
  <suite name="Failed suite [AirsV1]" duration-ms="51090" started-at="2020-03-14T10:37:31Z" finished-at="2020-03-14T10:38:22Z">
    <groups>
    </groups>
    <test name="AirsIBEV1 Test(failed)" duration-ms="51090" started-at="2020-03-14T10:37:31Z" finished-at="2020-03-14T10:38:22Z">
      <class name="com.airs.testCases.loginPageTCs">
        <test-method status="PASS" signature="setup(java.lang.String)[pri:0, instance:com.airs.testCases.loginPageTCs@553f17c]" name="setup" is-config="true" duration-ms="30254" started-at="2020-03-14T10:37:31Z" finished-at="2020-03-14T10:38:01Z">
          <params>
            <param index="0">
              <value>
                <![CDATA[firefox]]>
              </value>
            </param>
          </params>
          <reporter-output>
          </reporter-output>
        </test-method> <!-- setup -->
        <test-method status="PASS" signature="loginTestCase1()[pri:0, instance:com.airs.testCases.loginPageTCs@553f17c]" name="loginTestCase1" duration-ms="18659" started-at="2020-03-14T10:38:01Z" finished-at="2020-03-14T10:38:20Z">
          <reporter-output>
          </reporter-output>
        </test-method> <!-- loginTestCase1 -->
        <test-method status="PASS" signature="tearDown()[pri:0, instance:com.airs.testCases.loginPageTCs@553f17c]" name="tearDown" is-config="true" duration-ms="2152" started-at="2020-03-14T10:38:20Z" finished-at="2020-03-14T10:38:22Z">
          <reporter-output>
          </reporter-output>
        </test-method> <!-- tearDown -->
      </class> <!-- com.airs.testCases.loginPageTCs -->
    </test> <!-- AirsIBEV1 Test(failed) -->
  </suite> <!-- Failed suite [AirsV1] -->
</testng-results>
